Determining if the pthread_create exist failed with the following output:
Change Dir: /home/user/mra7a_ws/build_isolated/mr_bringup/CMakeFiles/CMakeTmp

Run Build Command:"/usr/bin/make" "cmTC_8d5cf/fast"
/usr/bin/make -f CMakeFiles/cmTC_8d5cf.dir/build.make CMakeFiles/cmTC_8d5cf.dir/build
make[1]: Entering directory '/home/user/mra7a_ws/build_isolated/mr_bringup/CMakeFiles/CMakeTmp'
Building C object CMakeFiles/cmTC_8d5cf.dir/CheckSymbolExists.c.o
/usr/bin/cc     -o CMakeFiles/cmTC_8d5cf.dir/CheckSymbolExists.c.o   -c /home/user/mra7a_ws/build_isolated/mr_bringup/CMakeFiles/CMakeTmp/CheckSymbolExists.c
Linking C executable cmTC_8d5cf
/usr/bin/cmake -E cmake_link_script CMakeFiles/cmTC_8d5cf.dir/link.txt --verbose=1
/usr/bin/cc       CMakeFiles/cmTC_8d5cf.dir/CheckSymbolExists.c.o  -o cmTC_8d5cf -rdynamic 
CMakeFiles/cmTC_8d5cf.dir/CheckSymbolExists.c.o：在函数‘main’中：
CheckSymbolExists.c:(.text+0x16)：对‘pthread_create’未定义的引用
collect2: error: ld returned 1 exit status
CMakeFiles/cmTC_8d5cf.dir/build.make:97: recipe for target 'cmTC_8d5cf' failed
make[1]: *** [cmTC_8d5cf] Error 1
make[1]: Leaving directory '/home/user/mra7a_ws/build_isolated/mr_bringup/CMakeFiles/CMakeTmp'
Makefile:126: recipe for target 'cmTC_8d5cf/fast' failed
make: *** [cmTC_8d5cf/fast] Error 2

File /home/user/mra7a_ws/build_isolated/mr_bringup/CMakeFiles/CMakeTmp/CheckSymbolExists.c:
/* */
#include <pthread.h>

int main(int argc, char** argv)
{
  (void)argv;
#ifndef pthread_create
  return ((int*)(&pthread_create))[argc];
#else
  (void)argc;
  return 0;
#endif
}

Determining if the function pthread_create exists in the pthreads failed with the following output:
Change Dir: /home/user/mra7a_ws/build_isolated/mr_bringup/CMakeFiles/CMakeTmp

Run Build Command:"/usr/bin/make" "cmTC_2a19c/fast"
/usr/bin/make -f CMakeFiles/cmTC_2a19c.dir/build.make CMakeFiles/cmTC_2a19c.dir/build
make[1]: Entering directory '/home/user/mra7a_ws/build_isolated/mr_bringup/CMakeFiles/CMakeTmp'
Building C object CMakeFiles/cmTC_2a19c.dir/CheckFunctionExists.c.o
/usr/bin/cc    -DCHECK_FUNCTION_EXISTS=pthread_create   -o CMakeFiles/cmTC_2a19c.dir/CheckFunctionExists.c.o   -c /usr/share/cmake-3.5/Modules/CheckFunctionExists.c
Linking C executable cmTC_2a19c
/usr/bin/cmake -E cmake_link_script CMakeFiles/cmTC_2a19c.dir/link.txt --verbose=1
/usr/bin/cc   -DCHECK_FUNCTION_EXISTS=pthread_create    CMakeFiles/cmTC_2a19c.dir/CheckFunctionExists.c.o  -o cmTC_2a19c -rdynamic -lpthreads 
/usr/bin/ld: 找不到 -lpthreads
collect2: error: ld returned 1 exit status
CMakeFiles/cmTC_2a19c.dir/build.make:97: recipe for target 'cmTC_2a19c' failed
make[1]: *** [cmTC_2a19c] Error 1
make[1]: Leaving directory '/home/user/mra7a_ws/build_isolated/mr_bringup/CMakeFiles/CMakeTmp'
Makefile:126: recipe for target 'cmTC_2a19c/fast' failed
make: *** [cmTC_2a19c/fast] Error 2


